#
# There is insufficient memory for the Java Runtime Environment to continue.
# Native memory allocation (malloc) failed to allocate 177648 bytes for Chunk::new
# Possible reasons:
#   The system is out of physical RAM or swap space
#   In 32 bit mode, the process size limit was hit
# Possible solutions:
#   Reduce memory load on the system
#   Increase physical memory or swap space
#   Check if swap backing store is full
#   Use 64 bit Java on a 64 bit OS
#   Decrease Java heap size (-Xmx/-Xms)
#   Decrease number of Java threads
#   Decrease Java thread stack sizes (-Xss)
#   Set larger code cache with -XX:ReservedCodeCacheSize=
# This output file may be truncated or incomplete.
#
#  Out of Memory Error (allocation.cpp:390), pid=7488, tid=0x00000000000003fc
#
# JRE version: Java(TM) SE Runtime Environment (8.0_131-b11) (build 1.8.0_131-b11)
# Java VM: Java HotSpot(TM) 64-Bit Server VM (25.131-b11 mixed mode windows-amd64 compressed oops)
# Failed to write core dump. Minidumps are not enabled by default on client versions of Windows
#

---------------  T H R E A D  ---------------

Current thread (0x0000000016fdd000):  JavaThread "C2 CompilerThread0" daemon [_thread_in_native, id=1020, stack(0x0000000018740000,0x0000000018840000)]

Stack: [0x0000000018740000,0x0000000018840000]
[error occurred during error reporting (printing stack bounds), id 0xc0000005]

Native frames: (J=compiled Java code, j=interpreted, Vv=VM code, C=native code)


Current CompileTask:
C2:   1278  526       4       java.io.FilterInputStream::read (8 bytes)


---------------  P R O C E S S  ---------------

Java Threads: ( => current thread )
  0x000000001bc7b800 JavaThread "D3D Screen Updater" daemon [_thread_blocked, id=12740, stack(0x000000001cd20000,0x000000001ce20000)]
  0x0000000004870800 JavaThread "DestroyJavaVM" [_thread_blocked, id=8400, stack(0x0000000002f90000,0x0000000003090000)]
  0x000000001bc1e800 JavaThread "AWT-EventQueue-0" [_thread_blocked, id=11856, stack(0x000000001c410000,0x000000001c510000)]
  0x0000000018e19800 JavaThread "AWT-Windows" daemon [_thread_in_native, id=10460, stack(0x0000000019680000,0x0000000019780000)]
  0x0000000018e17000 JavaThread "AWT-Shutdown" [_thread_blocked, id=6788, stack(0x0000000019580000,0x0000000019680000)]
  0x0000000018e16800 JavaThread "Java2D Disposer" daemon [_thread_blocked, id=1784, stack(0x0000000019410000,0x0000000019510000)]
  0x000000001703e800 JavaThread "Service Thread" daemon [_thread_blocked, id=3972, stack(0x0000000018e40000,0x0000000018f40000)]
  0x000000001702f800 JavaThread "C1 CompilerThread2" daemon [_thread_blocked, id=4036, stack(0x0000000018940000,0x0000000018a40000)]
  0x0000000016fe4000 JavaThread "C2 CompilerThread1" daemon [_thread_blocked, id=12088, stack(0x0000000018840000,0x0000000018940000)]
=>0x0000000016fdd000 JavaThread "C2 CompilerThread0" daemon [_thread_in_native, id=1020, stack(0x0000000018740000,0x0000000018840000)]
  0x0000000016fdb800 JavaThread "Attach Listener" daemon [_thread_blocked, id=12496, stack(0x0000000018640000,0x0000000018740000)]
  0x0000000016fda000 JavaThread "Signal Dispatcher" daemon [_thread_blocked, id=7948, stack(0x0000000018540000,0x0000000018640000)]
  0x0000000016fca800 JavaThread "Finalizer" daemon [_thread_blocked, id=10452, stack(0x0000000018250000,0x0000000018350000)]
  0x0000000004961000 JavaThread "Reference Handler" daemon [_thread_blocked, id=13120, stack(0x0000000018150000,0x0000000018250000)]

Other Threads:
  0x0000000016fa7000 VMThread [stack: 0x0000000018050000,0x0000000018150000] [id=9792]
  0x0000000018a65000 WatcherThread [stack: 0x0000000018f40000,0x0000000019040000] [id=9912]

VM state:not at safepoint (normal execution)

VM Mutex/Monitor currently owned by a thread: None

Heap:
 PSYoungGen      total 18432K, used 11207K [0x00000000eb600000, 0x00000000ecf00000, 0x0000000100000000)
  eden space 15872K, 70% used [0x00000000eb600000,0x00000000ec0f1d70,0x00000000ec580000)
  from space 2560K, 0% used [0x00000000ec800000,0x00000000ec800000,0x00000000eca80000)
  to   space 2560K, 0% used [0x00000000ec580000,0x00000000ec580000,0x00000000ec800000)
 ParOldGen       total 42496K, used 37618K [0x00000000c2200000, 0x00000000c4b80000, 0x00000000eb600000)
  object space 42496K, 88% used [0x00000000c2200000,0x00000000c46bca10,0x00000000c4b80000)
 Metaspace       used 9480K, capacity 9648K, committed 9728K, reserved 1058816K
  class space    used 1150K, capacity 1248K, committed 1280K, reserved 1048576K

Card table byte_map: [0x0000000013e20000,0x0000000014010000] byte_map_base: 0x000000001380f000

Marking Bits: (ParMarkBitMap*) 0x0000000064a6c720
 Begin Bits: [0x0000000014560000, 0x00000000154d8000)
 End Bits:   [0x00000000154d8000, 0x0000000016450000)

Polling page: 0x0000000002b20000

CodeCache: size=245760Kb used=2208Kb max_used=2228Kb free=243551Kb
 bounds [0x0000000004a60000, 0x0000000004cd0000, 0x0000000013a60000]
 total_blobs=1002 nmethods=528 adapters=388
 compilation: enabled

Compilation events (10 events):
Event: 1.144 Thread 0x0000000016fdd000  525       4       sun.awt.image.ByteInterleavedRaster::setDataElements (263 bytes)
Event: 1.147 Thread 0x000000001702f800  527       3       sun.security.provider.DigestBase::engineUpdate (189 bytes)
Event: 1.148 Thread 0x000000001702f800 nmethod 527 0x0000000004c85910 code [0x0000000004c85b20, 0x0000000004c866f8]
Event: 1.199 Thread 0x0000000016fdd000 nmethod 525 0x0000000004c8cf50 code [0x0000000004c8d0c0, 0x0000000004c8d5e8]
Event: 1.199 Thread 0x0000000016fdd000  526       4       java.io.FilterInputStream::read (8 bytes)
Event: 1.199 Thread 0x0000000016fe4000 nmethod 524 0x0000000004c86f50 code [0x0000000004c870e0, 0x0000000004c878d8]
Event: 1.202 Thread 0x0000000016fe4000  528       4       sun.nio.cs.SingleByte$Encoder::encode (32 bytes)
Event: 1.202 Thread 0x000000001702f800  529       3       java.nio.charset.CoderResult::isUnderflow (13 bytes)
Event: 1.202 Thread 0x000000001702f800 nmethod 529 0x0000000004c79bd0 code [0x0000000004c79d20, 0x0000000004c79ed0]
Event: 1.203 Thread 0x0000000016fe4000 nmethod 528 0x0000000004c86bd0 code [0x0000000004c86d20, 0x0000000004c86e38]

GC Heap History (10 events):
Event: 0.998 GC heap before
{Heap before GC invocations=7 (full 4):
 PSYoungGen      total 18432K, used 8093K [0x00000000eb600000, 0x00000000ecf00000, 0x0000000100000000)
  eden space 15872K, 50% used [0x00000000eb600000,0x00000000ebde7678,0x00000000ec580000)
  from space 2560K, 0% used [0x00000000ec800000,0x00000000ec800000,0x00000000eca80000)
  to   space 2560K, 7% used [0x00000000ec580000,0x00000000ec5b0000,0x00000000ec800000)
 ParOldGen       total 42496K, used 41327K [0x00000000c2200000, 0x00000000c4b80000, 0x00000000eb600000)
  object space 42496K, 97% used [0x00000000c2200000,0x00000000c4a5bcb0,0x00000000c4b80000)
 Metaspace       used 9439K, capacity 9622K, committed 9728K, reserved 1058816K
  class space    used 1148K, capacity 1221K, committed 1280K, reserved 1048576K
Event: 1.010 GC heap after
Heap after GC invocations=7 (full 4):
 PSYoungGen      total 18432K, used 0K [0x00000000eb600000, 0x00000000ecf00000, 0x0000000100000000)
  eden space 15872K, 0% used [0x00000000eb600000,0x00000000eb600000,0x00000000ec580000)
  from space 2560K, 0% used [0x00000000ec800000,0x00000000ec800000,0x00000000eca80000)
  to   space 2560K, 0% used [0x00000000ec580000,0x00000000ec580000,0x00000000ec800000)
 ParOldGen       total 42496K, used 37860K [0x00000000c2200000, 0x00000000c4b80000, 0x00000000eb600000)
  object space 42496K, 89% used [0x00000000c2200000,0x00000000c46f9118,0x00000000c4b80000)
 Metaspace       used 9439K, capacity 9622K, committed 9728K, reserved 1058816K
  class space    used 1148K, capacity 1221K, committed 1280K, reserved 1048576K
}
Event: 1.062 GC heap before
{Heap before GC invocations=8 (full 5):
 PSYoungGen      total 18432K, used 15872K [0x00000000eb600000, 0x00000000ecf00000, 0x0000000100000000)
  eden space 15872K, 100% used [0x00000000eb600000,0x00000000ec580000,0x00000000ec580000)
  from space 2560K, 0% used [0x00000000ec800000,0x00000000ec800000,0x00000000eca80000)
  to   space 2560K, 0% used [0x00000000ec580000,0x00000000ec580000,0x00000000ec800000)
 ParOldGen       total 42496K, used 37860K [0x00000000c2200000, 0x00000000c4b80000, 0x00000000eb600000)
  object space 42496K, 89% used [0x00000000c2200000,0x00000000c46f9118,0x00000000c4b80000)
 Metaspace       used 9441K, capacity 9626K, committed 9728K, reserved 1058816K
  class space    used 1148K, capacity 1221K, committed 1280K, reserved 1048576K
Event: 1.091 GC heap after
Heap after GC invocations=8 (full 5):
 PSYoungGen      total 18432K, used 10563K [0x00000000eb600000, 0x00000000ecf00000, 0x0000000100000000)
  eden space 15872K, 66% used [0x00000000eb600000,0x00000000ec050ef0,0x00000000ec580000)
  from space 2560K, 0% used [0x00000000ec800000,0x00000000ec800000,0x00000000eca80000)
  to   space 2560K, 0% used [0x00000000ec580000,0x00000000ec580000,0x00000000ec800000)
 ParOldGen       total 42496K, used 37790K [0x00000000c2200000, 0x00000000c4b80000, 0x00000000eb600000)
  object space 42496K, 88% used [0x00000000c2200000,0x00000000c46e7b88,0x00000000c4b80000)
 Metaspace       used 9441K, capacity 9626K, committed 9728K, reserved 1058816K
  class space    used 1148K, capacity 1221K, committed 1280K, reserved 1048576K
}
Event: 1.112 GC heap before
{Heap before GC invocations=9 (full 6):
 PSYoungGen      total 18432K, used 15872K [0x00000000eb600000, 0x00000000ecf00000, 0x0000000100000000)
  eden space 15872K, 100% used [0x00000000eb600000,0x00000000ec580000,0x00000000ec580000)
  from space 2560K, 0% used [0x00000000ec800000,0x00000000ec800000,0x00000000eca80000)
  to   space 2560K, 0% used [0x00000000ec580000,0x00000000ec580000,0x00000000ec800000)
 ParOldGen       total 42496K, used 37790K [0x00000000c2200000, 0x00000000c4b80000, 0x00000000eb600000)
  object space 42496K, 88% used [0x00000000c2200000,0x00000000c46e7b88,0x00000000c4b80000)
 Metaspace       used 9441K, capacity 9626K, committed 9728K, reserved 1058816K
  class space    used 1148K, capacity 1221K, committed 1280K, reserved 1048576K
Event: 1.120 GC heap after
Heap after GC invocations=9 (full 6):
 PSYoungGen      total 18432K, used 10572K [0x00000000eb600000, 0x00000000ecf00000, 0x0000000100000000)
  eden space 15872K, 66% used [0x00000000eb600000,0x00000000ec053008,0x00000000ec580000)
  from space 2560K, 0% used [0x00000000ec800000,0x00000000ec800000,0x00000000eca80000)
  to   space 2560K, 0% used [0x00000000ec580000,0x00000000ec580000,0x00000000ec800000)
 ParOldGen       total 42496K, used 37782K [0x00000000c2200000, 0x00000000c4b80000, 0x00000000eb600000)
  object space 42496K, 88% used [0x00000000c2200000,0x00000000c46e5a70,0x00000000c4b80000)
 Metaspace       used 9441K, capacity 9626K, committed 9728K, reserved 1058816K
  class space    used 1148K, capacity 1221K, committed 1280K, reserved 1048576K
}
Event: 1.150 GC heap before
{Heap before GC invocations=10 (full 7):
 PSYoungGen      total 18432K, used 11961K [0x00000000eb600000, 0x00000000ecf00000, 0x0000000100000000)
  eden space 15872K, 75% used [0x00000000eb600000,0x00000000ec1ae518,0x00000000ec580000)
  from space 2560K, 0% used [0x00000000ec800000,0x00000000ec800000,0x00000000eca80000)
  to   space 2560K, 0% used [0x00000000ec580000,0x00000000ec580000,0x00000000ec800000)
 ParOldGen       total 42496K, used 37782K [0x00000000c2200000, 0x00000000c4b80000, 0x00000000eb600000)
  object space 42496K, 88% used [0x00000000c2200000,0x00000000c46e5a70,0x00000000c4b80000)
 Metaspace       used 9480K, capacity 9626K, committed 9728K, reserved 1058816K
  class space    used 1151K, capacity 1221K, committed 1280K, reserved 1048576K
Event: 1.169 GC heap after
Heap after GC invocations=10 (full 7):
 PSYoungGen      total 18432K, used 10995K [0x00000000eb600000, 0x00000000ecf00000, 0x0000000100000000)
  eden space 15872K, 69% used [0x00000000eb600000,0x00000000ec0bcf28,0x00000000ec580000)
  from space 2560K, 0% used [0x00000000ec800000,0x00000000ec800000,0x00000000eca80000)
  to   space 2560K, 0% used [0x00000000ec580000,0x00000000ec580000,0x00000000ec800000)
 ParOldGen       total 42496K, used 37753K [0x00000000c2200000, 0x00000000c4b80000, 0x00000000eb600000)
  object space 42496K, 88% used [0x00000000c2200000,0x00000000c46de6b0,0x00000000c4b80000)
 Metaspace       used 9480K, capacity 9626K, committed 9728K, reserved 1058816K
  class space    used 1151K, capacity 1221K, committed 1280K, reserved 1048576K
}
Event: 1.170 GC heap before
{Heap before GC invocations=11 (full 8):
 PSYoungGen      total 18432K, used 10995K [0x00000000eb600000, 0x00000000ecf00000, 0x0000000100000000)
  eden space 15872K, 69% used [0x00000000eb600000,0x00000000ec0bcf28,0x00000000ec580000)
  from space 2560K, 0% used [0x00000000ec800000,0x00000000ec800000,0x00000000eca80000)
  to   space 2560K, 0% used [0x00000000ec580000,0x00000000ec580000,0x00000000ec800000)
 ParOldGen       total 42496K, used 37753K [0x00000000c2200000, 0x00000000c4b80000, 0x00000000eb600000)
  object space 42496K, 88% used [0x00000000c2200000,0x00000000c46de6b0,0x00000000c4b80000)
 Metaspace       used 9480K, capacity 9626K, committed 9728K, reserved 1058816K
  class space    used 1151K, capacity 1221K, committed 1280K, reserved 1048576K
Event: 1.198 GC heap after
Heap after GC invocations=11 (full 8):
 PSYoungGen      total 18432K, used 10995K [0x00000000eb600000, 0x00000000ecf00000, 0x0000000100000000)
  eden space 15872K, 69% used [0x00000000eb600000,0x00000000ec0bcee0,0x00000000ec580000)
  from space 2560K, 0% used [0x00000000ec800000,0x00000000ec800000,0x00000000eca80000)
  to   space 2560K, 0% used [0x00000000ec580000,0x00000000ec580000,0x00000000ec800000)
 ParOldGen       total 42496K, used 37618K [0x00000000c2200000, 0x00000000c4b80000, 0x00000000eb600000)
  object space 42496K, 88% used [0x00000000c2200000,0x00000000c46bca10,0x00000000c4b80000)
 Metaspace       used 9473K, capacity 9616K, committed 9728K, reserved 1058816K
  class space    used 1148K, capacity 1216K, committed 1280K, reserved 1048576K
}

Deoptimization events (1 events):
Event: 1.014 Thread 0x000000001bc29000 Uncommon trap: reason=unstable_if action=reinterpret pc=0x0000000004c48f9c method=sun.awt.image.ByteInterleavedRaster.putByteData(IIII[B)V @ 395

Internal exceptions (10 events):
Event: 0.045 Thread 0x0000000004870800 Exception <a 'java/lang/NoSuchMethodError': Method sun.misc.Unsafe.prefetchRead(Ljava/lang/Object;J)V name or signature does not match> (0x00000000eb607f90) thrown at [C:\re\workspace\8-2-build-windows-amd64-cygwin\jdk8u131\8869\hotspot\src\share\vm\prims
Event: 0.198 Thread 0x0000000004870800 Exception <a 'java/security/PrivilegedActionException'> (0x00000000eb69d5a8) thrown at [C:\re\workspace\8-2-build-windows-amd64-cygwin\jdk8u131\8869\hotspot\src\share\vm\prims\jvm.cpp, line 1390]
Event: 0.198 Thread 0x0000000004870800 Exception <a 'java/security/PrivilegedActionException'> (0x00000000eb69d7b8) thrown at [C:\re\workspace\8-2-build-windows-amd64-cygwin\jdk8u131\8869\hotspot\src\share\vm\prims\jvm.cpp, line 1390]
Event: 0.199 Thread 0x0000000004870800 Exception <a 'java/security/PrivilegedActionException'> (0x00000000eb6f0a20) thrown at [C:\re\workspace\8-2-build-windows-amd64-cygwin\jdk8u131\8869\hotspot\src\share\vm\prims\jvm.cpp, line 1390]
Event: 0.199 Thread 0x0000000004870800 Exception <a 'java/security/PrivilegedActionException'> (0x00000000eb6f0c30) thrown at [C:\re\workspace\8-2-build-windows-amd64-cygwin\jdk8u131\8869\hotspot\src\share\vm\prims\jvm.cpp, line 1390]
Event: 0.203 Thread 0x0000000004870800 Exception <a 'java/io/FileNotFoundException'> (0x00000000eb6f2fe8) thrown at [C:\re\workspace\8-2-build-windows-amd64-cygwin\jdk8u131\8869\hotspot\src\share\vm\prims\jni.cpp, line 709]
Event: 0.247 Thread 0x0000000004870800 Exception <a 'java/lang/NoSuchFieldError': method resolution failed> (0x00000000eb7c0648) thrown at [C:\re\workspace\8-2-build-windows-amd64-cygwin\jdk8u131\8869\hotspot\src\share\vm\prims\methodHandles.cpp, line 1146]
Event: 0.249 Thread 0x0000000004870800 Exception <a 'java/lang/NoSuchFieldError': method resolution failed> (0x00000000eb7cda18) thrown at [C:\re\workspace\8-2-build-windows-amd64-cygwin\jdk8u131\8869\hotspot\src\share\vm\prims\methodHandles.cpp, line 1146]
Event: 0.302 Thread 0x0000000004870800 Exception <a 'java/io/FileNotFoundException'> (0x00000000eb8616a0) thrown at [C:\re\workspace\8-2-build-windows-amd64-cygwin\jdk8u131\8869\hotspot\src\share\vm\prims\jni.cpp, line 709]
Event: 1.199 Thread 0x000000001bc29000 Exception <a 'java/lang/OutOfMemoryError'> (0x00000000c3c2eb98) thrown at [C:\re\workspace\8-2-build-windows-amd64-cygwin\jdk8u131\8869\hotspot\src\share\vm\gc_interface/collectedHeap.inline.hpp, line 159]

Events (10 events):
Event: 1.138 loading class sun/awt/image/BytePackedRaster done
Event: 1.149 Executing VM operation: ParallelGCFailedAllocation
Event: 1.199 Executing VM operation: ParallelGCFailedAllocation done
Event: 1.199 loading class java/lang/NegativeArraySizeException
Event: 1.199 loading class java/lang/NegativeArraySizeException done
Event: 1.201 loading class java/lang/Throwable$WrappedPrintStream
Event: 1.202 loading class java/lang/Throwable$PrintStreamOrWriter
Event: 1.202 loading class java/lang/Throwable$PrintStreamOrWriter done
Event: 1.202 loading class java/lang/Throwable$WrappedPrintStream done
Event: 1.202 Thread 0x000000001bc29000 Thread exited: 0x000000001bc29000


Dynamic libraries:
0x00007ff6559e0000 - 0x00007ff655a17000 	C:\Program Files\Java\jre1.8.0_131\bin\javaw.exe
0x00007fff44390000 - 0x00007fff44570000 	C:\WINDOWS\SYSTEM32\ntdll.dll
0x00007fff43440000 - 0x00007fff434ee000 	C:\WINDOWS\System32\KERNEL32.DLL
0x00007fff40db0000 - 0x00007fff41016000 	C:\WINDOWS\System32\KERNELBASE.dll
0x00007fff43de0000 - 0x00007fff43e81000 	C:\WINDOWS\System32\ADVAPI32.dll
0x00007fff44100000 - 0x00007fff4419d000 	C:\WINDOWS\System32\msvcrt.dll
0x00007fff41ad0000 - 0x00007fff41b2b000 	C:\WINDOWS\System32\sechost.dll
0x00007fff43f60000 - 0x00007fff4407f000 	C:\WINDOWS\System32\RPCRT4.dll
0x00007fff41860000 - 0x00007fff419ef000 	C:\WINDOWS\System32\USER32.dll
0x00007fff40d10000 - 0x00007fff40d30000 	C:\WINDOWS\System32\win32u.dll
0x00007fff41ea0000 - 0x00007fff41ec8000 	C:\WINDOWS\System32\GDI32.dll
0x00007fff40940000 - 0x00007fff40ad3000 	C:\WINDOWS\System32\gdi32full.dll
0x00007fff41020000 - 0x00007fff410bb000 	C:\WINDOWS\System32\msvcp_win.dll
0x00007fff40790000 - 0x00007fff40886000 	C:\WINDOWS\System32\ucrtbase.dll
0x00007fff36760000 - 0x00007fff369c9000 	C:\WINDOWS\WinSxS\amd64_microsoft.windows.common-controls_6595b64144ccf1df_6.0.16299.248_none_15ced204935f55d7\COMCTL32.dll
0x00007fff41b30000 - 0x00007fff41e38000 	C:\WINDOWS\System32\combase.dll
0x00007fff40d30000 - 0x00007fff40da2000 	C:\WINDOWS\System32\bcryptPrimitives.dll
0x00007fff43e90000 - 0x00007fff43ebd000 	C:\WINDOWS\System32\IMM32.DLL
0x0000000064080000 - 0x0000000064152000 	C:\Program Files\Java\jre1.8.0_131\bin\msvcr100.dll
0x0000000064250000 - 0x0000000064aec000 	C:\Program Files\Java\jre1.8.0_131\bin\server\jvm.dll
0x00007fff43560000 - 0x00007fff43568000 	C:\WINDOWS\System32\PSAPI.DLL
0x00007fff304b0000 - 0x00007fff304b9000 	C:\WINDOWS\SYSTEM32\WSOCK32.dll
0x00007fff3cbf0000 - 0x00007fff3cc13000 	C:\WINDOWS\SYSTEM32\WINMM.dll
0x00007fff38460000 - 0x00007fff3846a000 	C:\WINDOWS\SYSTEM32\VERSION.dll
0x00007fff434f0000 - 0x00007fff4355c000 	C:\WINDOWS\System32\WS2_32.dll
0x00007fff3cb90000 - 0x00007fff3cbba000 	C:\WINDOWS\SYSTEM32\winmmbase.dll
0x00007fff41810000 - 0x00007fff4185a000 	C:\WINDOWS\System32\cfgmgr32.dll
0x0000000064240000 - 0x000000006424f000 	C:\Program Files\Java\jre1.8.0_131\bin\verify.dll
0x0000000064210000 - 0x0000000064239000 	C:\Program Files\Java\jre1.8.0_131\bin\java.dll
0x00000000641f0000 - 0x0000000064206000 	C:\Program Files\Java\jre1.8.0_131\bin\zip.dll
0x00007fff41fe0000 - 0x00007fff43416000 	C:\WINDOWS\System32\SHELL32.dll
0x00007fff43880000 - 0x00007fff43926000 	C:\WINDOWS\System32\shcore.dll
0x00007fff410c0000 - 0x00007fff41807000 	C:\WINDOWS\System32\windows.storage.dll
0x00007fff441a0000 - 0x00007fff441f1000 	C:\WINDOWS\System32\shlwapi.dll
0x00007fff40730000 - 0x00007fff40741000 	C:\WINDOWS\System32\kernel.appcore.dll
0x00007fff406e0000 - 0x00007fff4072c000 	C:\WINDOWS\System32\powrprof.dll
0x00007fff40770000 - 0x00007fff4078b000 	C:\WINDOWS\System32\profapi.dll
0x0000000063ee0000 - 0x0000000064078000 	C:\Program Files\Java\jre1.8.0_131\bin\awt.dll
0x00007fff419f0000 - 0x00007fff41ab5000 	C:\WINDOWS\System32\OLEAUT32.dll
0x00007fff3e7a0000 - 0x00007fff3e828000 	C:\WINDOWS\SYSTEM32\apphelp.dll
0x00007fff3eea0000 - 0x00007fff3eeca000 	C:\WINDOWS\system32\DWMAPI.DLL
0x00007fff3e8d0000 - 0x00007fff3e965000 	C:\WINDOWS\system32\uxtheme.dll
0x00007fff25290000 - 0x00007fff253ae000 	C:\WINDOWS\system32\opengl32.dll
0x00007fff37d90000 - 0x00007fff37dbc000 	C:\WINDOWS\SYSTEM32\GLU32.dll
0x00007fff43570000 - 0x00007fff436d7000 	C:\WINDOWS\System32\MSCTF.dll
0x00007fff44200000 - 0x00007fff44349000 	C:\WINDOWS\System32\ole32.dll
0x00007fff24590000 - 0x00007fff24725000 	C:\WINDOWS\system32\d3d9.dll
0x00007fff0f6e0000 - 0x00007fff10796000 	C:\WINDOWS\SYSTEM32\nvd3dumx.dll
0x0000000063e90000 - 0x0000000063ed7000 	C:\Program Files\Java\jre1.8.0_131\bin\fontmanager.dll
0x00007fff33960000 - 0x00007fff339f8000 	C:\WINDOWS\System32\TextInputFramework.dll
0x00007fff3b960000 - 0x00007fff3bc4e000 	C:\WINDOWS\System32\CoreUIComponents.dll
0x00007fff3e190000 - 0x00007fff3e26c000 	C:\WINDOWS\System32\CoreMessaging.dll
0x00007fff3f930000 - 0x00007fff3f961000 	C:\WINDOWS\SYSTEM32\ntmarta.dll
0x00007fff3ca40000 - 0x00007fff3cb76000 	C:\WINDOWS\SYSTEM32\wintypes.dll
0x00007fff40140000 - 0x00007fff40157000 	C:\WINDOWS\SYSTEM32\CRYPTSP.dll
0x00007fff3fb80000 - 0x00007fff3fbb3000 	C:\WINDOWS\system32\rsaenh.dll
0x00007fff40240000 - 0x00007fff40265000 	C:\WINDOWS\SYSTEM32\bcrypt.dll
0x00007fff405e0000 - 0x00007fff40609000 	C:\WINDOWS\SYSTEM32\USERENV.dll
0x00007fff40130000 - 0x00007fff4013b000 	C:\WINDOWS\SYSTEM32\CRYPTBASE.dll
0x00000000641d0000 - 0x00000000641ea000 	C:\Program Files\Java\jre1.8.0_131\bin\net.dll
0x00007fff3ff70000 - 0x00007fff3ffd6000 	C:\WINDOWS\system32\mswsock.dll
0x00007fff3fd00000 - 0x00007fff3fd39000 	C:\WINDOWS\SYSTEM32\IPHLPAPI.DLL
0x00007fff41ac0000 - 0x00007fff41ac8000 	C:\WINDOWS\System32\NSI.dll
0x00007fff370f0000 - 0x00007fff37106000 	C:\WINDOWS\SYSTEM32\dhcpcsvc6.DLL
0x00007fff371a0000 - 0x00007fff371ba000 	C:\WINDOWS\SYSTEM32\dhcpcsvc.DLL
0x00000000641b0000 - 0x00000000641c1000 	C:\Program Files\Java\jre1.8.0_131\bin\nio.dll

VM Arguments:
jvm_args: -Dfile.encoding=Cp1252 
java_command: Main.Boot
java_class_path (initial): C:\Program Files\Java\jre1.8.0_131\lib\resources.jar;C:\Program Files\Java\jre1.8.0_131\lib\rt.jar;C:\Program Files\Java\jre1.8.0_131\lib\jsse.jar;C:\Program Files\Java\jre1.8.0_131\lib\jce.jar;C:\Program Files\Java\jre1.8.0_131\lib\charsets.jar;C:\Program Files\Java\jre1.8.0_131\lib\jfr.jar;C:\Program Files\Java\jre1.8.0_131\lib\ext\access-bridge-64.jar;C:\Program Files\Java\jre1.8.0_131\lib\ext\cldrdata.jar;C:\Program Files\Java\jre1.8.0_131\lib\ext\dnsns.jar;C:\Program Files\Java\jre1.8.0_131\lib\ext\jaccess.jar;C:\Program Files\Java\jre1.8.0_131\lib\ext\jfxrt.jar;C:\Program Files\Java\jre1.8.0_131\lib\ext\localedata.jar;C:\Program Files\Java\jre1.8.0_131\lib\ext\nashorn.jar;C:\Program Files\Java\jre1.8.0_131\lib\ext\sunec.jar;C:\Program Files\Java\jre1.8.0_131\lib\ext\sunjce_provider.jar;C:\Program Files\Java\jre1.8.0_131\lib\ext\sunmscapi.jar;C:\Program Files\Java\jre1.8.0_131\lib\ext\sunpkcs11.jar;C:\Program Files\Java\jre1.8.0_131\lib\ext\zipfs.jar;C:\Users\user1\git\AdAstra\bin
Launcher Type: SUN_STANDARD

Environment Variables:
PATH=C:/Program Files/Java/jre1.8.0_131/bin/server;C:/Program Files/Java/jre1.8.0_131/bin;C:/Program Files/Java/jre1.8.0_131/lib/amd64;C:\ProgramData\Oracle\Java\javapath;C:\Program Files\ImageMagick-7.0.7-Q16;C:\Program Files (x86)\NVIDIA Corporation\PhysX\Common;C:\WINDOWS\system32;C:\WINDOWS;C:\WINDOWS\System32\Wbem;C:\WINDOWS\System32\WindowsPowerShell\v1.0\;c:\altera\90sp2\quartus\bin;C:\Users\user1\AppData\Local\Microsoft\WindowsApps;;C:\WINDOWS\system32;
USERNAME=Mug3r
OS=Windows_NT
PROCESSOR_IDENTIFIER=Intel64 Family 6 Model 37 Stepping 5, GenuineIntel



---------------  S Y S T E M  ---------------

OS: Windows 10.0 , 64 bit Build 16299 (10.0.16299.15)

CPU:total 4 (initial active 4) (2 cores per cpu, 2 threads per core) family 6 model 37 stepping 5, cmov, cx8, fxsr, mmx, sse, sse2, sse3, ssse3, sse4.1, sse4.2, popcnt, aes, clmul, ht, tsc, tscinvbit

Memory: 4k page, physical 4052816k(472596k free), swap 6149968k(5164k free)

vm_info: Java HotSpot(TM) 64-Bit Server VM (25.131-b11) for windows-amd64 JRE (1.8.0_131-b11), built on Mar 15 2017 01:23:53 by "java_re" with MS VC++ 10.0 (VS2010)

time: Tue May 01 01:30:30 2018
elapsed time: 1 seconds (0d 0h 0m 1s)

